{"level":"info","message":"Listening on port 3900...","timestamp":"2020-04-17T13:56:06.118Z"}
{"level":"info","message":"Connected to mongodb://localhost/vidly...","timestamp":"2020-04-17T13:56:08.145Z"}
{"message":"Unexpected token \n in JSON at position 73","stack":"SyntaxError: Unexpected token \n in JSON at position 73\n    at JSON.parse (<anonymous>)\n    at parse (C:\\Users\\Lo Yau Yat\\react-app\\vidly-api-node\\node_modules\\body-parser\\lib\\types\\json.js:89:19)\n    at C:\\Users\\Lo Yau Yat\\react-app\\vidly-api-node\\node_modules\\body-parser\\lib\\read.js:121:18\n    at invokeCallback (C:\\Users\\Lo Yau Yat\\react-app\\vidly-api-node\\node_modules\\raw-body\\index.js:224:16)\n    at done (C:\\Users\\Lo Yau Yat\\react-app\\vidly-api-node\\node_modules\\raw-body\\index.js:213:7)\n    at IncomingMessage.onEnd (C:\\Users\\Lo Yau Yat\\react-app\\vidly-api-node\\node_modules\\raw-body\\index.js:273:7)\n    at IncomingMessage.emit (events.js:228:7)\n    at endReadableNT (_stream_readable.js:1185:12)\n    at processTicksAndRejections (internal/process/task_queues.js:81:21)","expose":true,"statusCode":400,"status":400,"body":"{\n\t\"title\":\"Kung Fu Master\",\n\t\"numberInStock\": 8,\n\t\"dailyRentalRate\": 10.\n\t\"gendreId\":\"5e99afe0f539e108b46ac645\"\n}","type":"entity.parse.failed","level":"error","timestamp":"2020-04-17T14:41:42.137Z"}
{"level":"info","message":"Listening on port 3900...","timestamp":"2020-04-17T14:52:42.916Z"}
{"level":"info","message":"Connected to mongodb://localhost/vidly...","timestamp":"2020-04-17T14:52:44.952Z"}
{"level":"info","message":"Listening on port 3900...","timestamp":"2020-04-17T14:53:21.576Z"}
{"level":"info","message":"Connected to mongodb://localhost/vidly...","timestamp":"2020-04-17T14:53:23.606Z"}
{"level":"info","message":"Listening on port 3900...","timestamp":"2020-04-17T14:53:46.698Z"}
{"level":"info","message":"Connected to mongodb://localhost/vidly...","timestamp":"2020-04-17T14:53:48.730Z"}
{"level":"info","message":"Listening on port 3900...","timestamp":"2020-04-20T12:18:06.888Z"}
{"level":"info","message":"Connected to mongodb://localhost/vidly...","timestamp":"2020-04-20T12:18:09.035Z"}
{"level":"info","message":"Listening on port 3900...","timestamp":"2020-04-21T13:41:17.705Z"}
{"level":"info","message":"Connected to mongodb://localhost/vidly...","timestamp":"2020-04-21T13:41:19.737Z"}
{"level":"info","message":"Listening on port 3900...","timestamp":"2020-04-22T13:39:07.019Z"}
{"level":"info","message":"Connected to mongodb://localhost/vidly...","timestamp":"2020-04-22T13:39:09.439Z"}
{"level":"info","message":"Listening on port 3900...","timestamp":"2020-04-23T11:51:22.208Z"}
{"level":"info","message":"Connected to mongodb://localhost/vidly...","timestamp":"2020-04-23T11:51:24.257Z"}
{"level":"info","message":"Listening on port 3900...","timestamp":"2020-04-24T12:33:16.321Z"}
{"level":"info","message":"Connected to mongodb://localhost/vidly...","timestamp":"2020-04-24T12:33:18.545Z"}
{"message":"Unexpected token . in JSON at position 52","stack":"SyntaxError: Unexpected token . in JSON at position 52\n    at JSON.parse (<anonymous>)\n    at parse (C:\\Users\\Lo Yau Yat\\react-app\\vidly-api-node\\node_modules\\body-parser\\lib\\types\\json.js:89:19)\n    at C:\\Users\\Lo Yau Yat\\react-app\\vidly-api-node\\node_modules\\body-parser\\lib\\read.js:121:18\n    at invokeCallback (C:\\Users\\Lo Yau Yat\\react-app\\vidly-api-node\\node_modules\\raw-body\\index.js:224:16)\n    at done (C:\\Users\\Lo Yau Yat\\react-app\\vidly-api-node\\node_modules\\raw-body\\index.js:213:7)\n    at IncomingMessage.onEnd (C:\\Users\\Lo Yau Yat\\react-app\\vidly-api-node\\node_modules\\raw-body\\index.js:273:7)\n    at IncomingMessage.emit (events.js:228:7)\n    at endReadableNT (_stream_readable.js:1185:12)\n    at processTicksAndRejections (internal/process/task_queues.js:81:21)","expose":true,"statusCode":400,"status":400,"body":"{\n\t\"email\":\"user3@domain.com\",\n\t\"name\": \"User Three\".\n\t\"password\":\"user3password\"\n}","type":"entity.parse.failed","level":"error","timestamp":"2020-04-24T13:40:36.148Z"}
{"level":"info","message":"Listening on port 3900...","timestamp":"2020-04-24T14:00:05.622Z"}
{"level":"info","message":"Connected to mongodb://localhost/vidly...","timestamp":"2020-04-24T14:00:07.652Z"}
{"level":"info","message":"Listening on port 3900...","timestamp":"2020-04-28T13:42:32.435Z"}
{"level":"info","message":"Listening on port 3900...","timestamp":"2020-04-28T13:43:49.454Z"}
{"level":"info","message":"Listening on port 3900...","timestamp":"2020-04-28T13:45:18.810Z"}
{"level":"info","message":"Listening on port 3900...","timestamp":"2020-04-28T13:45:46.470Z"}
{"level":"info","message":"Listening on port 3900...","timestamp":"2020-04-28T13:47:41.116Z"}
{"level":"info","message":"Listening on port 3900...","timestamp":"2020-04-28T13:47:48.302Z"}
{"level":"info","message":"Listening on port 3900...","timestamp":"2020-04-28T13:49:00.768Z"}
{"level":"info","message":"Listening on port 3900...","timestamp":"2020-04-28T13:49:50.426Z"}
{"level":"info","message":"Listening on port 3900...","timestamp":"2020-04-28T13:50:01.004Z"}
{"level":"info","message":"Listening on port 3900...","timestamp":"2020-04-28T13:53:46.334Z"}
{"level":"info","message":"Listening on port 3900...","timestamp":"2020-04-28T13:53:55.545Z"}
{"level":"info","message":"Listening on port 3900...","timestamp":"2020-04-28T13:57:49.560Z"}
{"level":"info","message":"Listening on port 3900...","timestamp":"2020-04-28T13:59:42.406Z"}
{"level":"info","message":"Listening on port 3900...","timestamp":"2020-04-28T14:03:57.572Z"}
{"level":"info","message":"Connected to mongodb://localhost/vidly...","timestamp":"2020-04-28T14:03:59.667Z"}
{"message":"Topology was destroyed","name":"MongoError","stack":"MongoError: Topology was destroyed\n    at nextFunction (C:\\Users\\Lo Yau Yat\\react-app\\vidly-api-node\\node_modules\\mongodb-core\\lib\\cursor.js:586:27)\n    at Cursor.next [as _next] (C:\\Users\\Lo Yau Yat\\react-app\\vidly-api-node\\node_modules\\mongodb-core\\lib\\cursor.js:789:3)\n    at fetchDocs (C:\\Users\\Lo Yau Yat\\react-app\\vidly-api-node\\node_modules\\mongodb\\lib\\cursor.js:931:10)\n    at toArray (C:\\Users\\Lo Yau Yat\\react-app\\vidly-api-node\\node_modules\\mongodb\\lib\\cursor.js:957:3)\n    at executeOperation (C:\\Users\\Lo Yau Yat\\react-app\\vidly-api-node\\node_modules\\mongodb\\lib\\utils.js:408:22)\n    at Cursor.toArray (C:\\Users\\Lo Yau Yat\\react-app\\vidly-api-node\\node_modules\\mongodb\\lib\\cursor.js:917:10)\n    at C:\\Users\\Lo Yau Yat\\react-app\\vidly-api-node\\node_modules\\mquery\\lib\\collection\\node.js:30:14\n    at handleCallback (C:\\Users\\Lo Yau Yat\\react-app\\vidly-api-node\\node_modules\\mongodb\\lib\\utils.js:128:55)\n    at Collection.find (C:\\Users\\Lo Yau Yat\\react-app\\vidly-api-node\\node_modules\\mongodb\\lib\\collection.js:369:12)\n    at NativeCollection.<computed> [as find] (C:\\Users\\Lo Yau Yat\\react-app\\vidly-api-node\\node_modules\\mongoose\\lib\\drivers\\node-mongodb-native\\collection.js:139:28)\n    at NodeCollection.find (C:\\Users\\Lo Yau Yat\\react-app\\vidly-api-node\\node_modules\\mquery\\lib\\collection\\node.js:26:19)\n    at model.Query.Query._find (C:\\Users\\Lo Yau Yat\\react-app\\vidly-api-node\\node_modules\\mongoose\\lib\\query.js:1327:27)\n    at C:\\Users\\Lo Yau Yat\\react-app\\vidly-api-node\\node_modules\\kareem\\index.js:276:8\n    at C:\\Users\\Lo Yau Yat\\react-app\\vidly-api-node\\node_modules\\kareem\\index.js:23:7\n    at processTicksAndRejections (internal/process/task_queues.js:76:11)","level":"error","timestamp":"2020-04-28T14:10:00.490Z"}
{"message":"Topology was destroyed","name":"MongoError","stack":"MongoError: Topology was destroyed\n    at nextFunction (C:\\Users\\Lo Yau Yat\\react-app\\vidly-api-node\\node_modules\\mongodb-core\\lib\\cursor.js:586:27)\n    at Cursor.next [as _next] (C:\\Users\\Lo Yau Yat\\react-app\\vidly-api-node\\node_modules\\mongodb-core\\lib\\cursor.js:789:3)\n    at fetchDocs (C:\\Users\\Lo Yau Yat\\react-app\\vidly-api-node\\node_modules\\mongodb\\lib\\cursor.js:931:10)\n    at toArray (C:\\Users\\Lo Yau Yat\\react-app\\vidly-api-node\\node_modules\\mongodb\\lib\\cursor.js:957:3)\n    at executeOperation (C:\\Users\\Lo Yau Yat\\react-app\\vidly-api-node\\node_modules\\mongodb\\lib\\utils.js:408:22)\n    at Cursor.toArray (C:\\Users\\Lo Yau Yat\\react-app\\vidly-api-node\\node_modules\\mongodb\\lib\\cursor.js:917:10)\n    at C:\\Users\\Lo Yau Yat\\react-app\\vidly-api-node\\node_modules\\mquery\\lib\\collection\\node.js:30:14\n    at handleCallback (C:\\Users\\Lo Yau Yat\\react-app\\vidly-api-node\\node_modules\\mongodb\\lib\\utils.js:128:55)\n    at Collection.find (C:\\Users\\Lo Yau Yat\\react-app\\vidly-api-node\\node_modules\\mongodb\\lib\\collection.js:369:12)\n    at NativeCollection.<computed> [as find] (C:\\Users\\Lo Yau Yat\\react-app\\vidly-api-node\\node_modules\\mongoose\\lib\\drivers\\node-mongodb-native\\collection.js:139:28)\n    at NodeCollection.find (C:\\Users\\Lo Yau Yat\\react-app\\vidly-api-node\\node_modules\\mquery\\lib\\collection\\node.js:26:19)\n    at model.Query.Query._find (C:\\Users\\Lo Yau Yat\\react-app\\vidly-api-node\\node_modules\\mongoose\\lib\\query.js:1327:27)\n    at C:\\Users\\Lo Yau Yat\\react-app\\vidly-api-node\\node_modules\\kareem\\index.js:276:8\n    at C:\\Users\\Lo Yau Yat\\react-app\\vidly-api-node\\node_modules\\kareem\\index.js:23:7\n    at processTicksAndRejections (internal/process/task_queues.js:76:11)","level":"error","timestamp":"2020-04-28T14:10:01.044Z"}
{"message":"Topology was destroyed","name":"MongoError","stack":"MongoError: Topology was destroyed\n    at nextFunction (C:\\Users\\Lo Yau Yat\\react-app\\vidly-api-node\\node_modules\\mongodb-core\\lib\\cursor.js:586:27)\n    at Cursor.next [as _next] (C:\\Users\\Lo Yau Yat\\react-app\\vidly-api-node\\node_modules\\mongodb-core\\lib\\cursor.js:789:3)\n    at fetchDocs (C:\\Users\\Lo Yau Yat\\react-app\\vidly-api-node\\node_modules\\mongodb\\lib\\cursor.js:931:10)\n    at toArray (C:\\Users\\Lo Yau Yat\\react-app\\vidly-api-node\\node_modules\\mongodb\\lib\\cursor.js:957:3)\n    at executeOperation (C:\\Users\\Lo Yau Yat\\react-app\\vidly-api-node\\node_modules\\mongodb\\lib\\utils.js:408:22)\n    at Cursor.toArray (C:\\Users\\Lo Yau Yat\\react-app\\vidly-api-node\\node_modules\\mongodb\\lib\\cursor.js:917:10)\n    at C:\\Users\\Lo Yau Yat\\react-app\\vidly-api-node\\node_modules\\mquery\\lib\\collection\\node.js:30:14\n    at handleCallback (C:\\Users\\Lo Yau Yat\\react-app\\vidly-api-node\\node_modules\\mongodb\\lib\\utils.js:128:55)\n    at Collection.find (C:\\Users\\Lo Yau Yat\\react-app\\vidly-api-node\\node_modules\\mongodb\\lib\\collection.js:369:12)\n    at NativeCollection.<computed> [as find] (C:\\Users\\Lo Yau Yat\\react-app\\vidly-api-node\\node_modules\\mongoose\\lib\\drivers\\node-mongodb-native\\collection.js:139:28)\n    at NodeCollection.find (C:\\Users\\Lo Yau Yat\\react-app\\vidly-api-node\\node_modules\\mquery\\lib\\collection\\node.js:26:19)\n    at model.Query.Query._find (C:\\Users\\Lo Yau Yat\\react-app\\vidly-api-node\\node_modules\\mongoose\\lib\\query.js:1327:27)\n    at C:\\Users\\Lo Yau Yat\\react-app\\vidly-api-node\\node_modules\\kareem\\index.js:276:8\n    at C:\\Users\\Lo Yau Yat\\react-app\\vidly-api-node\\node_modules\\kareem\\index.js:23:7\n    at processTicksAndRejections (internal/process/task_queues.js:76:11)","level":"error","timestamp":"2020-04-28T14:12:00.256Z"}
{"message":"Topology was destroyed","name":"MongoError","stack":"MongoError: Topology was destroyed\n    at nextFunction (C:\\Users\\Lo Yau Yat\\react-app\\vidly-api-node\\node_modules\\mongodb-core\\lib\\cursor.js:586:27)\n    at Cursor.next [as _next] (C:\\Users\\Lo Yau Yat\\react-app\\vidly-api-node\\node_modules\\mongodb-core\\lib\\cursor.js:789:3)\n    at fetchDocs (C:\\Users\\Lo Yau Yat\\react-app\\vidly-api-node\\node_modules\\mongodb\\lib\\cursor.js:931:10)\n    at toArray (C:\\Users\\Lo Yau Yat\\react-app\\vidly-api-node\\node_modules\\mongodb\\lib\\cursor.js:957:3)\n    at executeOperation (C:\\Users\\Lo Yau Yat\\react-app\\vidly-api-node\\node_modules\\mongodb\\lib\\utils.js:408:22)\n    at Cursor.toArray (C:\\Users\\Lo Yau Yat\\react-app\\vidly-api-node\\node_modules\\mongodb\\lib\\cursor.js:917:10)\n    at C:\\Users\\Lo Yau Yat\\react-app\\vidly-api-node\\node_modules\\mquery\\lib\\collection\\node.js:30:14\n    at handleCallback (C:\\Users\\Lo Yau Yat\\react-app\\vidly-api-node\\node_modules\\mongodb\\lib\\utils.js:128:55)\n    at Collection.find (C:\\Users\\Lo Yau Yat\\react-app\\vidly-api-node\\node_modules\\mongodb\\lib\\collection.js:369:12)\n    at NativeCollection.<computed> [as find] (C:\\Users\\Lo Yau Yat\\react-app\\vidly-api-node\\node_modules\\mongoose\\lib\\drivers\\node-mongodb-native\\collection.js:139:28)\n    at NodeCollection.find (C:\\Users\\Lo Yau Yat\\react-app\\vidly-api-node\\node_modules\\mquery\\lib\\collection\\node.js:26:19)\n    at model.Query.Query._find (C:\\Users\\Lo Yau Yat\\react-app\\vidly-api-node\\node_modules\\mongoose\\lib\\query.js:1327:27)\n    at C:\\Users\\Lo Yau Yat\\react-app\\vidly-api-node\\node_modules\\kareem\\index.js:276:8\n    at C:\\Users\\Lo Yau Yat\\react-app\\vidly-api-node\\node_modules\\kareem\\index.js:23:7\n    at processTicksAndRejections (internal/process/task_queues.js:76:11)","level":"error","timestamp":"2020-04-28T14:12:08.283Z"}
{"level":"info","message":"Listening on port 3900...","timestamp":"2020-04-28T14:12:30.224Z"}
{"level":"info","message":"Listening on port 3900...","timestamp":"2020-04-28T14:13:47.550Z"}
{"level":"info","message":"Connected to mongodb://localhost/vidly...","timestamp":"2020-04-28T14:13:49.583Z"}
{"level":"info","message":"Listening on port 3900...","timestamp":"2020-04-29T06:30:07.235Z"}
{"level":"info","message":"Listening on port 3900...","timestamp":"2020-04-29T06:32:10.963Z"}
{"level":"info","message":"Connected to mongodb://localhost/vidly...","timestamp":"2020-04-29T06:32:13.115Z"}
{"level":"info","message":"Listening on port 3900...","timestamp":"2020-04-29T06:46:59.446Z"}
{"level":"info","message":"Connected to mongodb://localhost/vidly...","timestamp":"2020-04-29T06:47:01.483Z"}
{"level":"info","message":"Listening on port 3900...","timestamp":"2020-04-30T11:51:41.849Z"}
{"level":"info","message":"Connected to mongodb://localhost/vidly...","timestamp":"2020-04-30T11:51:43.911Z"}
{"level":"info","message":"Listening on port 3900...","timestamp":"2020-05-01T04:55:31.357Z"}
{"level":"info","message":"Connected to mongodb://localhost/vidly...","timestamp":"2020-05-01T04:55:33.466Z"}
